<?xml version="1.0" encoding="UTF-8"?>
<!-- Generated by org.testng.reporters.JUnitReportReporter -->
<testsuite skipped="0" hostname="BDC4-D-1S27N62" name="seleniumadavanced.seleniumday1.TestCity" tests="1" failures="0" timestamp="07 Feb 2019 10:35:49 GMT" time="47.547" errors="0">
  <testcase name="name" time="47.547" classname="seleniumadavanced.seleniumday1.TestCity"/>
</testsuite> <!-- seleniumadavanced.seleniumday1.TestCity -->
