<?xml version="1.0" encoding="UTF-8"?>
<!-- Generated by org.testng.reporters.JUnitReportReporter -->
<testsuite skipped="0" hostname="BDC4-D-1S27N62" name="seleniumadavanced.seleniumday1.TestReadExcel" tests="1" failures="0" timestamp="08 Feb 2019 05:22:44 GMT" time="0.821" errors="0">
  <testcase name="testRead" time="0.821" classname="seleniumadavanced.seleniumday1.TestReadExcel"/>
</testsuite> <!-- seleniumadavanced.seleniumday1.TestReadExcel -->
