<?xml version="1.0" encoding="UTF-8"?>
<!-- Generated by org.testng.reporters.JUnitReportReporter -->
<testsuite skipped="0" hostname="BDC4-D-1S27N62" name="seleniumadavanced.seleniumday1.TestLoginDemoWebShop" tests="3" failures="0" timestamp="08 Feb 2019 06:27:19 GMT" time="73.779" errors="0">
  <testcase name="testDemoWebShopLogin" time="26.359" classname="seleniumadavanced.seleniumday1.TestLoginDemoWebShop"/>
  <testcase name="testDemoWebShopLogin" time="15.599" classname="seleniumadavanced.seleniumday1.TestLoginDemoWebShop"/>
  <testcase name="testDemoWebShopLogin" time="31.821" classname="seleniumadavanced.seleniumday1.TestLoginDemoWebShop"/>
</testsuite> <!-- seleniumadavanced.seleniumday1.TestLoginDemoWebShop -->
